<?xml version="1.0" encoding="UTF-8"?>
<!-- Generated by org.testng.reporters.JUnitXMLReporter -->
<testsuite ignored="0" hostname="DIYA" failures="0" tests="3" name="Default test" time="26.438" errors="0" timestamp="2022-07-26T16:23:13 IST">
  <testcase classname="AllureTest.AllureTest_TC01" name="logoPresence" time="0.778"/>
  <testcase classname="AllureTest.AllureTest_TC01" name="loginTest" time="0.515"/>
  <testcase classname="AllureTest.AllureTest_TC01" name="registrationTest" time="0.02">
    <skipped/>
  </testcase> <!-- registrationTest -->
</testsuite> <!-- Default test -->
