<?xml version="1.0" encoding="UTF-8"?>
<!-- Generated by org.testng.reporters.JUnitXMLReporter -->
<testsuite ignored="0" hostname="DIYA" failures="0" tests="3" name="Run All Tests" time="30.185" errors="0" timestamp="2022-07-26T19:18:21 IST">
  <testcase classname="AllureTest.AllureTest_TC01" name="logoPresence" time="0.495"/>
  <testcase classname="AllureTest.AllureTest_TC01" name="loginTest" time="0.262"/>
  <testcase classname="AllureTest.AllureTest_TC01" name="registrationTest" time="0.008">
    <skipped/>
  </testcase> <!-- registrationTest -->
</testsuite> <!-- Run All Tests -->
